<?xml version="1.0" encoding="UTF-8"?>
<testng-results skipped="0" failed="1" ignored="0" total="9" passed="8">
  <reporter-output>
  </reporter-output>
  <suite name="Suite" duration-ms="40911" started-at="2019-12-11T08:34:27 CET" finished-at="2019-12-11T08:35:08 CET">
    <groups>
    </groups>
    <test name="Test" duration-ms="40911" started-at="2019-12-11T08:34:27 CET" finished-at="2019-12-11T08:35:08 CET">
      <class name="test.TestLanguageFromEngToBs">
        <test-method status="PASS" signature="OpenPage()[pri:0, instance:test.TestLanguageFromEngToBs@67784306]" name="OpenPage" is-config="true" duration-ms="3150" started-at="2019-12-11T08:34:43 CET" finished-at="2019-12-11T08:34:47 CET">
          <reporter-output>
          </reporter-output>
        </test-method> <!-- OpenPage -->
        <test-method status="PASS" signature="ChangeFromEngToBs()[pri:0, instance:test.TestLanguageFromEngToBs@67784306]" name="ChangeFromEngToBs" duration-ms="1294" started-at="2019-12-11T08:34:47 CET" finished-at="2019-12-11T08:34:48 CET">
          <reporter-output>
          </reporter-output>
        </test-method> <!-- ChangeFromEngToBs -->
        <test-method status="PASS" signature="tearDownTest()[pri:0, instance:test.TestLanguageFromEngToBs@67784306]" name="tearDownTest" is-config="true" duration-ms="175" started-at="2019-12-11T08:34:48 CET" finished-at="2019-12-11T08:34:48 CET">
          <reporter-output>
          </reporter-output>
        </test-method> <!-- tearDownTest -->
      </class> <!-- test.TestLanguageFromEngToBs -->
      <class name="test.TestZoomFeature">
        <test-method status="PASS" signature="OpenPage()[pri:0, instance:test.TestZoomFeature@185d8b6]" name="OpenPage" is-config="true" duration-ms="3558" started-at="2019-12-11T08:34:40 CET" finished-at="2019-12-11T08:34:43 CET">
          <reporter-output>
          </reporter-output>
        </test-method> <!-- OpenPage -->
        <test-method status="PASS" signature="ZoomInMap()[pri:0, instance:test.TestZoomFeature@185d8b6]" name="ZoomInMap" duration-ms="28" started-at="2019-12-11T08:34:43 CET" finished-at="2019-12-11T08:34:43 CET">
          <reporter-output>
          </reporter-output>
        </test-method> <!-- ZoomInMap -->
        <test-method status="PASS" signature="ZoomOutMap()[pri:1, instance:test.TestZoomFeature@185d8b6]" name="ZoomOutMap" duration-ms="15" started-at="2019-12-11T08:34:43 CET" finished-at="2019-12-11T08:34:43 CET">
          <reporter-output>
          </reporter-output>
        </test-method> <!-- ZoomOutMap -->
        <test-method status="PASS" signature="tearDownTest()[pri:0, instance:test.TestZoomFeature@185d8b6]" name="tearDownTest" is-config="true" duration-ms="178" started-at="2019-12-11T08:34:43 CET" finished-at="2019-12-11T08:34:43 CET">
          <reporter-output>
          </reporter-output>
        </test-method> <!-- tearDownTest -->
      </class> <!-- test.TestZoomFeature -->
      <class name="test.TestCreateObjectFeature">
        <test-method status="PASS" signature="OpenPage()[pri:0, instance:test.TestCreateObjectFeature@335eadca]" name="OpenPage" is-config="true" duration-ms="3251" started-at="2019-12-11T08:34:48 CET" finished-at="2019-12-11T08:34:51 CET">
          <reporter-output>
          </reporter-output>
        </test-method> <!-- OpenPage -->
        <test-method status="PASS" signature="CreatePlaceTest()[pri:0, instance:test.TestCreateObjectFeature@335eadca]" name="CreatePlaceTest" duration-ms="1205" started-at="2019-12-11T08:34:51 CET" finished-at="2019-12-11T08:34:52 CET">
          <reporter-output>
          </reporter-output>
        </test-method> <!-- CreatePlaceTest -->
        <test-method status="PASS" signature="tearDownTest()[pri:0, instance:test.TestCreateObjectFeature@335eadca]" name="tearDownTest" is-config="true" duration-ms="173" started-at="2019-12-11T08:34:52 CET" finished-at="2019-12-11T08:34:53 CET">
          <reporter-output>
          </reporter-output>
        </test-method> <!-- tearDownTest -->
      </class> <!-- test.TestCreateObjectFeature -->
      <class name="test.TestSocialFacebookIcon">
        <test-method status="PASS" signature="OpenPage()[pri:0, instance:test.TestSocialFacebookIcon@6c3708b3]" name="OpenPage" is-config="true" duration-ms="7460" started-at="2019-12-11T08:34:27 CET" finished-at="2019-12-11T08:34:34 CET">
          <reporter-output>
          </reporter-output>
        </test-method> <!-- OpenPage -->
        <test-method status="PASS" signature="FacebookIcon()[pri:0, instance:test.TestSocialFacebookIcon@6c3708b3]" name="FacebookIcon" duration-ms="296" started-at="2019-12-11T08:34:34 CET" finished-at="2019-12-11T08:34:35 CET">
          <reporter-output>
          </reporter-output>
        </test-method> <!-- FacebookIcon -->
        <test-method status="PASS" signature="tearDownTest()[pri:0, instance:test.TestSocialFacebookIcon@6c3708b3]" name="tearDownTest" is-config="true" duration-ms="163" started-at="2019-12-11T08:34:35 CET" finished-at="2019-12-11T08:34:35 CET">
          <reporter-output>
          </reporter-output>
        </test-method> <!-- tearDownTest -->
      </class> <!-- test.TestSocialFacebookIcon -->
      <class name="test.TestCommentSuggestionFesture">
        <test-method status="PASS" signature="setUp()[pri:0, instance:test.TestCommentSuggestionFesture@6f1fba17]" name="setUp" is-config="true" duration-ms="3347" started-at="2019-12-11T08:34:35 CET" finished-at="2019-12-11T08:34:38 CET">
          <reporter-output>
          </reporter-output>
        </test-method> <!-- setUp -->
        <test-method status="FAIL" signature="SuggestFeature()[pri:0, instance:test.TestCommentSuggestionFesture@6f1fba17]" name="SuggestFeature" duration-ms="1343" started-at="2019-12-11T08:34:38 CET" finished-at="2019-12-11T08:34:40 CET">
          <exception class="org.openqa.selenium.NoSuchElementException">
            <message>
              <![CDATA[Cannot locate an element using xpath=//div[@class='alert alert-success']
For documentation on this error, please visit: https://www.seleniumhq.org/exceptions/no_such_element.html
Build info: version: '4.0.0-alpha-1', revision: 'd1d3728cae', time: '2019-04-24T16:15:24'
System info: host: 'Semirs-MacBook-Pro.local', ip: 'fe80:0:0:0:4df:b862:4bfe:18fe%en0', os.name: 'Mac OS X', os.arch: 'x86_64', os.version: '10.15.1', java.version: '1.8.0_231'
Driver info: driver.version: RemoteWebDriver]]>
            </message>
            <full-stacktrace>
              <![CDATA[org.openqa.selenium.NoSuchElementException: Cannot locate an element using xpath=//div[@class='alert alert-success']
For documentation on this error, please visit: https://www.seleniumhq.org/exceptions/no_such_element.html
Build info: version: '4.0.0-alpha-1', revision: 'd1d3728cae', time: '2019-04-24T16:15:24'
System info: host: 'Semirs-MacBook-Pro.local', ip: 'fe80:0:0:0:4df:b862:4bfe:18fe%en0', os.name: 'Mac OS X', os.arch: 'x86_64', os.version: '10.15.1', java.version: '1.8.0_231'
Driver info: driver.version: RemoteWebDriver
at org.openqa.selenium.remote.RemoteWebDriver.findElement(RemoteWebDriver.java:331)
at org.openqa.selenium.remote.RemoteWebDriver.findElementByXPath(RemoteWebDriver.java:446)
at org.openqa.selenium.By$ByXPath.findElement(By.java:353)
at org.openqa.selenium.remote.RemoteWebDriver.findElement(RemoteWebDriver.java:320)
at page.SuggestFeatures.successMessage(SuggestFeatures.java:51)
at test.TestCommentSuggestionFesture.SuggestFeature(TestCommentSuggestionFesture.java:37)
at sun.reflect.NativeMethodAccessorImpl.invoke0(Native Method)
at sun.reflect.NativeMethodAccessorImpl.invoke(NativeMethodAccessorImpl.java:62)
at sun.reflect.DelegatingMethodAccessorImpl.invoke(DelegatingMethodAccessorImpl.java:43)
at java.lang.reflect.Method.invoke(Method.java:498)
at org.testng.internal.MethodInvocationHelper.invokeMethod(MethodInvocationHelper.java:133)
at org.testng.internal.TestInvoker.invokeMethod(TestInvoker.java:584)
at org.testng.internal.TestInvoker.invokeTestMethod(TestInvoker.java:172)
at org.testng.internal.MethodRunner.runInSequence(MethodRunner.java:46)
at org.testng.internal.TestInvoker$MethodInvocationAgent.invoke(TestInvoker.java:804)
at org.testng.internal.TestInvoker.invokeTestMethods(TestInvoker.java:145)
at org.testng.internal.TestMethodWorker.invokeTestMethods(TestMethodWorker.java:146)
at org.testng.internal.TestMethodWorker.run(TestMethodWorker.java:128)
at java.util.ArrayList.forEach(ArrayList.java:1257)
at org.testng.TestRunner.privateRun(TestRunner.java:770)
at org.testng.TestRunner.run(TestRunner.java:591)
at org.testng.SuiteRunner.runTest(SuiteRunner.java:402)
at org.testng.SuiteRunner.runSequentially(SuiteRunner.java:396)
at org.testng.SuiteRunner.privateRun(SuiteRunner.java:355)
at org.testng.SuiteRunner.run(SuiteRunner.java:304)
at org.testng.SuiteRunnerWorker.runSuite(SuiteRunnerWorker.java:53)
at org.testng.SuiteRunnerWorker.run(SuiteRunnerWorker.java:96)
at org.testng.TestNG.runSuitesSequentially(TestNG.java:1180)
at org.testng.TestNG.runSuitesLocally(TestNG.java:1102)
at org.testng.TestNG.runSuites(TestNG.java:1032)
at org.testng.TestNG.run(TestNG.java:1000)
at org.testng.remote.AbstractRemoteTestNG.run(AbstractRemoteTestNG.java:115)
at org.testng.remote.RemoteTestNG.initAndRun(RemoteTestNG.java:251)
at org.testng.remote.RemoteTestNG.main(RemoteTestNG.java:77)
]]>
            </full-stacktrace>
          </exception> <!-- org.openqa.selenium.NoSuchElementException -->
          <reporter-output>
          </reporter-output>
        </test-method> <!-- SuggestFeature -->
        <test-method status="FAIL" signature="tearDownTest()[pri:0, instance:test.TestCommentSuggestionFesture@6f1fba17]" name="tearDownTest" is-config="true" duration-ms="15" started-at="2019-12-11T08:34:40 CET" finished-at="2019-12-11T08:34:40 CET">
          <exception class="org.openqa.selenium.NoSuchWindowException">
            <message>
              <![CDATA[no such window: target window already closed
from unknown error: web view not found
  (Session info: chrome=79.0.3945.79)
Build info: version: '4.0.0-alpha-1', revision: 'd1d3728cae', time: '2019-04-24T16:15:24'
System info: host: 'Semirs-MacBook-Pro.local', ip: 'fe80:0:0:0:4df:b862:4bfe:18fe%en0', os.name: 'Mac OS X', os.arch: 'x86_64', os.version: '10.15.1', java.version: '1.8.0_231'
Driver info: org.openqa.selenium.chrome.ChromeDriver
Capabilities {acceptInsecureCerts: false, browserName: chrome, browserVersion: 79.0.3945.79, chrome: {chromedriverVersion: 78.0.3904.105 (60e2d8774a81..., userDataDir: /var/folders/hs/_6_s21f124s...}, goog:chromeOptions: {debuggerAddress: localhost:53849}, javascriptEnabled: true, networkConnectionEnabled: false, pageLoadStrategy: normal, platform: MAC, platformName: MAC, proxy: Proxy(), setWindowRect: true, strictFileInteractability: false, timeouts: {implicit: 0, pageLoad: 300000, script: 30000}, unhandledPromptBehavior: dismiss and notify}
Session ID: df0f5c04b6e62a832522a8fd0e9899de]]>
            </message>
            <full-stacktrace>
              <![CDATA[org.openqa.selenium.NoSuchWindowException: no such window: target window already closed
from unknown error: web view not found
  (Session info: chrome=79.0.3945.79)
Build info: version: '4.0.0-alpha-1', revision: 'd1d3728cae', time: '2019-04-24T16:15:24'
System info: host: 'Semirs-MacBook-Pro.local', ip: 'fe80:0:0:0:4df:b862:4bfe:18fe%en0', os.name: 'Mac OS X', os.arch: 'x86_64', os.version: '10.15.1', java.version: '1.8.0_231'
Driver info: org.openqa.selenium.chrome.ChromeDriver
Capabilities {acceptInsecureCerts: false, browserName: chrome, browserVersion: 79.0.3945.79, chrome: {chromedriverVersion: 78.0.3904.105 (60e2d8774a81..., userDataDir: /var/folders/hs/_6_s21f124s...}, goog:chromeOptions: {debuggerAddress: localhost:53849}, javascriptEnabled: true, networkConnectionEnabled: false, pageLoadStrategy: normal, platform: MAC, platformName: MAC, proxy: Proxy(), setWindowRect: true, strictFileInteractability: false, timeouts: {implicit: 0, pageLoad: 300000, script: 30000}, unhandledPromptBehavior: dismiss and notify}
Session ID: df0f5c04b6e62a832522a8fd0e9899de
at sun.reflect.NativeConstructorAccessorImpl.newInstance0(Native Method)
at sun.reflect.NativeConstructorAccessorImpl.newInstance(NativeConstructorAccessorImpl.java:62)
at sun.reflect.DelegatingConstructorAccessorImpl.newInstance(DelegatingConstructorAccessorImpl.java:45)
at java.lang.reflect.Constructor.newInstance(Constructor.java:423)
at org.openqa.selenium.remote.codec.w3c.W3CHttpResponseCodec.createException(W3CHttpResponseCodec.java:190)
at org.openqa.selenium.remote.codec.w3c.W3CHttpResponseCodec.decode(W3CHttpResponseCodec.java:124)
at org.openqa.selenium.remote.codec.w3c.W3CHttpResponseCodec.decode(W3CHttpResponseCodec.java:51)
at org.openqa.selenium.remote.HttpCommandExecutor.execute(HttpCommandExecutor.java:161)
at org.openqa.selenium.remote.service.DriverCommandExecutor.execute(DriverCommandExecutor.java:83)
at org.openqa.selenium.remote.RemoteWebDriver.execute(RemoteWebDriver.java:577)
at org.openqa.selenium.remote.RemoteWebDriver.execute(RemoteWebDriver.java:634)
at org.openqa.selenium.remote.RemoteWebDriver.execute(RemoteWebDriver.java:638)
at org.openqa.selenium.remote.RemoteWebDriver.close(RemoteWebDriver.java:463)
at helper.OpenNavigatorPage.ClosePage(OpenNavigatorPage.java:23)
at test.TestCommentSuggestionFesture.tearDownTest(TestCommentSuggestionFesture.java:44)
at sun.reflect.NativeMethodAccessorImpl.invoke0(Native Method)
at sun.reflect.NativeMethodAccessorImpl.invoke(NativeMethodAccessorImpl.java:62)
at sun.reflect.DelegatingMethodAccessorImpl.invoke(DelegatingMethodAccessorImpl.java:43)
at java.lang.reflect.Method.invoke(Method.java:498)
at org.testng.internal.MethodInvocationHelper.invokeMethod(MethodInvocationHelper.java:133)
at org.testng.internal.MethodInvocationHelper.invokeMethodConsideringTimeout(MethodInvocationHelper.java:62)
at org.testng.internal.ConfigInvoker.invokeConfigurationMethod(ConfigInvoker.java:340)
at org.testng.internal.ConfigInvoker.invokeConfigurations(ConfigInvoker.java:294)
at org.testng.internal.TestMethodWorker.invokeAfterClassMethods(TestMethodWorker.java:217)
at org.testng.internal.TestMethodWorker.run(TestMethodWorker.java:130)
at java.util.ArrayList.forEach(ArrayList.java:1257)
at org.testng.TestRunner.privateRun(TestRunner.java:770)
at org.testng.TestRunner.run(TestRunner.java:591)
at org.testng.SuiteRunner.runTest(SuiteRunner.java:402)
at org.testng.SuiteRunner.runSequentially(SuiteRunner.java:396)
at org.testng.SuiteRunner.privateRun(SuiteRunner.java:355)
at org.testng.SuiteRunner.run(SuiteRunner.java:304)
at org.testng.SuiteRunnerWorker.runSuite(SuiteRunnerWorker.java:53)
at org.testng.SuiteRunnerWorker.run(SuiteRunnerWorker.java:96)
at org.testng.TestNG.runSuitesSequentially(TestNG.java:1180)
at org.testng.TestNG.runSuitesLocally(TestNG.java:1102)
at org.testng.TestNG.runSuites(TestNG.java:1032)
at org.testng.TestNG.run(TestNG.java:1000)
at org.testng.remote.AbstractRemoteTestNG.run(AbstractRemoteTestNG.java:115)
at org.testng.remote.RemoteTestNG.initAndRun(RemoteTestNG.java:251)
at org.testng.remote.RemoteTestNG.main(RemoteTestNG.java:77)
]]>
            </full-stacktrace>
          </exception> <!-- org.openqa.selenium.NoSuchWindowException -->
          <reporter-output>
          </reporter-output>
        </test-method> <!-- tearDownTest -->
      </class> <!-- test.TestCommentSuggestionFesture -->
      <class name="test.TestSuggestionFesture">
        <test-method status="PASS" signature="OpenPage()[pri:0, instance:test.TestSuggestionFesture@210366b4]" name="OpenPage" is-config="true" duration-ms="3120" started-at="2019-12-11T08:34:53 CET" finished-at="2019-12-11T08:34:56 CET">
          <reporter-output>
          </reporter-output>
        </test-method> <!-- OpenPage -->
        <test-method status="PASS" signature="SuggestFeature()[pri:0, instance:test.TestSuggestionFesture@210366b4]" name="SuggestFeature" duration-ms="1616" started-at="2019-12-11T08:34:56 CET" finished-at="2019-12-11T08:34:57 CET">
          <reporter-output>
          </reporter-output>
        </test-method> <!-- SuggestFeature -->
        <test-method status="PASS" signature="tearDownTest()[pri:0, instance:test.TestSuggestionFesture@210366b4]" name="tearDownTest" is-config="true" duration-ms="178" started-at="2019-12-11T08:34:57 CET" finished-at="2019-12-11T08:34:58 CET">
          <reporter-output>
          </reporter-output>
        </test-method> <!-- tearDownTest -->
      </class> <!-- test.TestSuggestionFesture -->
      <class name="test.TestContentMenuArt">
        <test-method status="PASS" signature="OpenPage()[pri:0, instance:test.TestContentMenuArt@eec5a4a]" name="OpenPage" is-config="true" duration-ms="4104" started-at="2019-12-11T08:34:58 CET" finished-at="2019-12-11T08:35:02 CET">
          <reporter-output>
          </reporter-output>
        </test-method> <!-- OpenPage -->
        <test-method status="PASS" signature="Accommodation()[pri:0, instance:test.TestContentMenuArt@eec5a4a]" name="Accommodation" duration-ms="1545" started-at="2019-12-11T08:35:02 CET" finished-at="2019-12-11T08:35:03 CET">
          <reporter-output>
          </reporter-output>
        </test-method> <!-- Accommodation -->
        <test-method status="PASS" signature="tearDownTest()[pri:0, instance:test.TestContentMenuArt@eec5a4a]" name="tearDownTest" is-config="true" duration-ms="234" started-at="2019-12-11T08:35:03 CET" finished-at="2019-12-11T08:35:03 CET">
          <reporter-output>
          </reporter-output>
        </test-method> <!-- tearDownTest -->
      </class> <!-- test.TestContentMenuArt -->
      <class name="test.TestContentMenuAccommodation">
        <test-method status="PASS" signature="OpenPage()[pri:0, instance:test.TestContentMenuAccommodation@2b2948e2]" name="OpenPage" is-config="true" duration-ms="3155" started-at="2019-12-11T08:35:03 CET" finished-at="2019-12-11T08:35:07 CET">
          <reporter-output>
          </reporter-output>
        </test-method> <!-- OpenPage -->
        <test-method status="PASS" signature="Accommodation()[pri:0, instance:test.TestContentMenuAccommodation@2b2948e2]" name="Accommodation" duration-ms="1034" started-at="2019-12-11T08:35:07 CET" finished-at="2019-12-11T08:35:08 CET">
          <reporter-output>
          </reporter-output>
        </test-method> <!-- Accommodation -->
        <test-method status="PASS" signature="tearDownTest()[pri:0, instance:test.TestContentMenuAccommodation@2b2948e2]" name="tearDownTest" is-config="true" duration-ms="209" started-at="2019-12-11T08:35:08 CET" finished-at="2019-12-11T08:35:08 CET">
          <reporter-output>
          </reporter-output>
        </test-method> <!-- tearDownTest -->
      </class> <!-- test.TestContentMenuAccommodation -->
    </test> <!-- Test -->
  </suite> <!-- Suite -->
</testng-results>
